<?xml version="1.0" encoding="UTF-8"?>
<!-- Generated by org.testng.reporters.JUnitReportReporter -->
<testsuite hostname="Sys-PC" name="com.NewToursTesting.MyMavenProject.NewToursLogInTest" tests="1" failures="0" timestamp="23 Mar 2018 19:27:47 GMT" time="12.794" errors="0">
  <testcase name="LogIn" time="12.794" classname="com.NewToursTesting.MyMavenProject.NewToursLogInTest"/>
</testsuite> <!-- com.NewToursTesting.MyMavenProject.NewToursLogInTest -->
